# JRE version: Java(TM) SE Runtime Environment (8.0_202-b08) (build 1.8.0_202-b08)
# Java VM: Java HotSpot(TM) 64-Bit Server VM (25.202-b08 mixed mode windows-amd64 compressed oops)
Heap:
 PSYoungGen      total 31744K, used 28533K [0x000000076bd00000, 0x000000076df00000, 0x00000007c0000000)
  eden space 31232K, 90% used [0x000000076bd00000,0x000000076d8ad6a8,0x000000076db80000)
  from space 512K, 37% used [0x000000076de00000,0x000000076de30000,0x000000076de80000)
  to   space 512K, 0% used [0x000000076de80000,0x000000076de80000,0x000000076df00000)
 ParOldGen       total 173568K, used 5039K [0x00000006c3600000, 0x00000006cdf80000, 0x000000076bd00000)
  object space 173568K, 2% used [0x00000006c3600000,0x00000006c3aebea0,0x00000006cdf80000)
 Metaspace       used 13617K, capacity 13846K, committed 13952K, reserved 1062912K
  class space    used 1315K, capacity 1372K, committed 1408K, reserved 1048576K
GC Heap History (10 events):
Event: 8639.261 GC heap before
{Heap before GC invocations=85 (full 0):
 PSYoungGen      total 31744K, used 31424K [0x000000076bd00000, 0x000000076df00000, 0x00000007c0000000)
  eden space 31232K, 100% used [0x000000076bd00000,0x000000076db80000,0x000000076db80000)
  from space 512K, 37% used [0x000000076de80000,0x000000076deb0000,0x000000076df00000)
  to   space 512K, 0% used [0x000000076de00000,0x000000076de00000,0x000000076de80000)
 ParOldGen       total 173568K, used 5039K [0x00000006c3600000, 0x00000006cdf80000, 0x000000076bd00000)
  object space 173568K, 2% used [0x00000006c3600000,0x00000006c3aebea0,0x00000006cdf80000)
 Metaspace       used 13607K, capacity 13846K, committed 13952K, reserved 1062912K
  class space    used 1314K, capacity 1372K, committed 1408K, reserved 1048576K
Event: 8639.262 GC heap after
Heap after GC invocations=85 (full 0):
 PSYoungGen      total 31744K, used 192K [0x000000076bd00000, 0x000000076df00000, 0x00000007c0000000)
  eden space 31232K, 0% used [0x000000076bd00000,0x000000076bd00000,0x000000076db80000)
  from space 512K, 37% used [0x000000076de00000,0x000000076de30000,0x000000076de80000)
  to   space 512K, 0% used [0x000000076de80000,0x000000076de80000,0x000000076df00000)
 ParOldGen       total 173568K, used 5039K [0x00000006c3600000, 0x00000006cdf80000, 0x000000076bd00000)
  object space 173568K, 2% used [0x00000006c3600000,0x00000006c3aebea0,0x00000006cdf80000)
 Metaspace       used 13607K, capacity 13846K, committed 13952K, reserved 1062912K
  class space    used 1314K, capacity 1372K, committed 1408K, reserved 1048576K
}
Event: 8748.702 GC heap before
{Heap before GC invocations=86 (full 0):
 PSYoungGen      total 31744K, used 31424K [0x000000076bd00000, 0x000000076df00000, 0x00000007c0000000)
  eden space 31232K, 100% used [0x000000076bd00000,0x000000076db80000,0x000000076db80000)
  from space 512K, 37% used [0x000000076de00000,0x000000076de30000,0x000000076de80000)
  to   space 512K, 0% used [0x000000076de80000,0x000000076de80000,0x000000076df00000)
 ParOldGen       total 173568K, used 5039K [0x00000006c3600000, 0x00000006cdf80000, 0x000000076bd00000)
  object space 173568K, 2% used [0x00000006c3600000,0x00000006c3aebea0,0x00000006cdf80000)
 Metaspace       used 13607K, capacity 13846K, committed 13952K, reserved 1062912K
  class space    used 1314K, capacity 1372K, committed 1408K, reserved 1048576K
Event: 8748.704 GC heap after
Heap after GC invocations=86 (full 0):
 PSYoungGen      total 31744K, used 192K [0x000000076bd00000, 0x000000076df00000, 0x00000007c0000000)
  eden space 31232K, 0% used [0x000000076bd00000,0x000000076bd00000,0x000000076db80000)
  from space 512K, 37% used [0x000000076de80000,0x000000076deb0000,0x000000076df00000)
  to   space 512K, 0% used [0x000000076de00000,0x000000076de00000,0x000000076de80000)
 ParOldGen       total 173568K, used 5039K [0x00000006c3600000, 0x00000006cdf80000, 0x000000076bd00000)
  object space 173568K, 2% used [0x00000006c3600000,0x00000006c3aebea0,0x00000006cdf80000)
 Metaspace       used 13607K, capacity 13846K, committed 13952K, reserved 1062912K
  class space    used 1314K, capacity 1372K, committed 1408K, reserved 1048576K
}
Event: 8856.165 GC heap before
{Heap before GC invocations=87 (full 0):
 PSYoungGen      total 31744K, used 31424K [0x000000076bd00000, 0x000000076df00000, 0x00000007c0000000)
  eden space 31232K, 100% used [0x000000076bd00000,0x000000076db80000,0x000000076db80000)
  from space 512K, 37% used [0x000000076de80000,0x000000076deb0000,0x000000076df00000)
  to   space 512K, 0% used [0x000000076de00000,0x000000076de00000,0x000000076de80000)
 ParOldGen       total 173568K, used 5039K [0x00000006c3600000, 0x00000006cdf80000, 0x000000076bd00000)
  object space 173568K, 2% used [0x00000006c3600000,0x00000006c3aebea0,0x00000006cdf80000)
 Metaspace       used 13607K, capacity 13846K, committed 13952K, reserved 1062912K
  class space    used 1314K, capacity 1372K, committed 1408K, reserved 1048576K
Event: 8856.168 GC heap after
Heap after GC invocations=87 (full 0):
 PSYoungGen      total 31744K, used 192K [0x000000076bd00000, 0x000000076df00000, 0x00000007c0000000)
  eden space 31232K, 0% used [0x000000076bd00000,0x000000076bd00000,0x000000076db80000)
  from space 512K, 37% used [0x000000076de00000,0x000000076de30000,0x000000076de80000)
  to   space 512K, 0% used [0x000000076de80000,0x000000076de80000,0x000000076df00000)
 ParOldGen       total 173568K, used 5039K [0x00000006c3600000, 0x00000006cdf80000, 0x000000076bd00000)
  object space 173568K, 2% used [0x00000006c3600000,0x00000006c3aebea0,0x00000006cdf80000)
 Metaspace       used 13607K, capacity 13846K, committed 13952K, reserved 1062912K
  class space    used 1314K, capacity 1372K, committed 1408K, reserved 1048576K
}
Event: 8959.693 GC heap before
{Heap before GC invocations=88 (full 0):
 PSYoungGen      total 31744K, used 31424K [0x000000076bd00000, 0x000000076df00000, 0x00000007c0000000)
  eden space 31232K, 100% used [0x000000076bd00000,0x000000076db80000,0x000000076db80000)
  from space 512K, 37% used [0x000000076de00000,0x000000076de30000,0x000000076de80000)
  to   space 512K, 0% used [0x000000076de80000,0x000000076de80000,0x000000076df00000)
 ParOldGen       total 173568K, used 5039K [0x00000006c3600000, 0x00000006cdf80000, 0x000000076bd00000)
  object space 173568K, 2% used [0x00000006c3600000,0x00000006c3aebea0,0x00000006cdf80000)
 Metaspace       used 13607K, capacity 13846K, committed 13952K, reserved 1062912K
  class space    used 1314K, capacity 1372K, committed 1408K, reserved 1048576K
Event: 8959.695 GC heap after
Heap after GC invocations=88 (full 0):
 PSYoungGen      total 31744K, used 128K [0x000000076bd00000, 0x000000076df00000, 0x00000007c0000000)
  eden space 31232K, 0% used [0x000000076bd00000,0x000000076bd00000,0x000000076db80000)
  from space 512K, 25% used [0x000000076de80000,0x000000076dea0000,0x000000076df00000)
  to   space 512K, 0% used [0x000000076de00000,0x000000076de00000,0x000000076de80000)
 ParOldGen       total 173568K, used 5039K [0x00000006c3600000, 0x00000006cdf80000, 0x000000076bd00000)
  object space 173568K, 2% used [0x00000006c3600000,0x00000006c3aebea0,0x00000006cdf80000)
 Metaspace       used 13607K, capacity 13846K, committed 13952K, reserved 1062912K
  class space    used 1314K, capacity 1372K, committed 1408K, reserved 1048576K
}
Event: 9060.277 GC heap before
{Heap before GC invocations=89 (full 0):
 PSYoungGen      total 31744K, used 31360K [0x000000076bd00000, 0x000000076df00000, 0x00000007c0000000)
  eden space 31232K, 100% used [0x000000076bd00000,0x000000076db80000,0x000000076db80000)
  from space 512K, 25% used [0x000000076de80000,0x000000076dea0000,0x000000076df00000)
  to   space 512K, 0% used [0x000000076de00000,0x000000076de00000,0x000000076de80000)
 ParOldGen       total 173568K, used 5039K [0x00000006c3600000, 0x00000006cdf80000, 0x000000076bd00000)
  object space 173568K, 2% used [0x00000006c3600000,0x00000006c3aebea0,0x00000006cdf80000)
 Metaspace       used 13607K, capacity 13846K, committed 13952K, reserved 1062912K
  class space    used 1314K, capacity 1372K, committed 1408K, reserved 1048576K
Event: 9060.279 GC heap after
Heap after GC invocations=89 (full 0):
 PSYoungGen      total 31744K, used 192K [0x000000076bd00000, 0x000000076df00000, 0x00000007c0000000)
  eden space 31232K, 0% used [0x000000076bd00000,0x000000076bd00000,0x000000076db80000)
  from space 512K, 37% used [0x000000076de00000,0x000000076de30000,0x000000076de80000)
  to   space 512K, 0% used [0x000000076de80000,0x000000076de80000,0x000000076df00000)
 ParOldGen       total 173568K, used 5039K [0x00000006c3600000, 0x00000006cdf80000, 0x000000076bd00000)
  object space 173568K, 2% used [0x00000006c3600000,0x00000006c3aebea0,0x00000006cdf80000)
 Metaspace       used 13607K, capacity 13846K, committed 13952K, reserved 1062912K
  class space    used 1314K, capacity 1372K, committed 1408K, reserved 1048576K
}

